<?xml version="1.0" encoding="UTF-8"?>
<!-- Generated by org.testng.reporters.JUnitXMLReporter -->
<testsuite hostname="Maheshs-MacBook-Pro.local" ignored="0" name="PICKME" tests="6" failures="0" timestamp="17 Jul 2020 04:41:36 GMT" time="0.078" errors="0">
  <testcase name="orderFood" time="0.016" classname="pickMe.Food"/>
  <testcase name="selectFood" time="0.001" classname="pickMe.Food"/>
  <testcase name="acceptMerchant" time="0.002" classname="pickMe.Merchant"/>
  <testcase name="prepareMerchant" time="0.001" classname="pickMe.Merchant"/>
  <testcase name="acceptRider" time="0.003" classname="pickMe.Ride"/>
  <testcase name="uberRider" time="0.001" classname="uber.UberRide"/>
</testsuite> <!-- PICKME -->
